2024-06-03 12:19:43 [main] INFO  c.example.OAuth2.OAuth2Application - Starting OAuth2Application using Java 22.0.1 with PID 12364 (C:\Users\maksim.pouzakov\Desktop\OAuth2\OAuth2\target\classes started by maksim.pouzakov in C:\Users\maksim.pouzakov\Desktop\OAuth2)
2024-06-03 12:19:43 [main] INFO  c.example.OAuth2.OAuth2Application - No active profile set, falling back to 1 default profile: "default"
2024-06-03 12:19:44 [main] INFO  o.s.b.w.e.tomcat.TomcatWebServer - Tomcat initialized with port 8080 (http)
2024-06-03 12:19:44 [main] INFO  o.a.coyote.http11.Http11NioProtocol - Initializing ProtocolHandler ["http-nio-8080"]
2024-06-03 12:19:44 [main] INFO  o.a.catalina.core.StandardService - Starting service [Tomcat]
2024-06-03 12:19:44 [main] INFO  o.a.catalina.core.StandardEngine - Starting Servlet engine: [Apache Tomcat/10.1.24]
2024-06-03 12:19:44 [main] INFO  o.a.c.c.C.[Tomcat].[localhost].[/] - Initializing Spring embedded WebApplicationContext
2024-06-03 12:19:44 [main] INFO  o.s.b.w.s.c.ServletWebServerApplicationContext - Root WebApplicationContext: initialization completed in 1587 ms
2024-06-03 12:19:45 [main] INFO  o.s.s.web.DefaultSecurityFilterChain - Will secure any request with [org.springframework.security.web.session.DisableEncodeUrlFilter@6dee8ae6, org.springframework.security.web.context.request.async.WebAsyncManagerIntegrationFilter@5af64ce0, org.springframework.security.web.context.SecurityContextHolderFilter@3b98b809, org.springframework.security.web.header.HeaderWriterFilter@2e43c38d, org.springframework.web.filter.CorsFilter@7e7e962d, org.springframework.security.web.csrf.CsrfFilter@68c9e023, org.springframework.security.web.authentication.logout.LogoutFilter@11b32a14, org.springframework.security.oauth2.client.web.OAuth2AuthorizationRequestRedirectFilter@52226e57, org.springframework.security.oauth2.client.web.OAuth2LoginAuthenticationFilter@3cc30dee, org.springframework.security.web.authentication.ui.DefaultLoginPageGeneratingFilter@67bf0480, org.springframework.security.web.authentication.ui.DefaultLogoutPageGeneratingFilter@17229821, org.springframework.security.web.savedrequest.RequestCacheAwareFilter@16da476c, org.springframework.security.web.servletapi.SecurityContextHolderAwareRequestFilter@51f18e31, org.springframework.security.web.authentication.AnonymousAuthenticationFilter@e829999, org.springframework.security.web.access.ExceptionTranslationFilter@41d16cc3, org.springframework.security.web.access.intercept.AuthorizationFilter@41ef1ea2]
2024-06-03 12:19:45 [main] INFO  o.a.coyote.http11.Http11NioProtocol - Starting ProtocolHandler ["http-nio-8080"]
2024-06-03 12:19:45 [main] INFO  o.s.b.w.e.tomcat.TomcatWebServer - Tomcat started on port 8080 (http) with context path '/'
2024-06-03 12:19:45 [main] INFO  c.example.OAuth2.OAuth2Application - Started OAuth2Application in 3.333 seconds (process running for 4.103)
2024-06-03 12:20:17 [http-nio-8080-exec-2] INFO  o.a.c.c.C.[Tomcat].[localhost].[/] - Initializing Spring DispatcherServlet 'dispatcherServlet'
2024-06-03 12:20:17 [http-nio-8080-exec-2] INFO  o.s.web.servlet.DispatcherServlet - Initializing Servlet 'dispatcherServlet'
2024-06-03 12:20:17 [http-nio-8080-exec-2] INFO  o.s.web.servlet.DispatcherServlet - Completed initialization in 1 ms
2024-06-03 12:21:42 [main] INFO  c.example.OAuth2.OAuth2Application - Starting OAuth2Application using Java 22.0.1 with PID 8492 (C:\Users\maksim.pouzakov\Desktop\OAuth2\OAuth2\target\classes started by maksim.pouzakov in C:\Users\maksim.pouzakov\Desktop\OAuth2)
2024-06-03 12:21:42 [main] INFO  c.example.OAuth2.OAuth2Application - No active profile set, falling back to 1 default profile: "default"
2024-06-03 12:21:44 [main] INFO  o.s.b.w.e.tomcat.TomcatWebServer - Tomcat initialized with port 8080 (http)
2024-06-03 12:21:44 [main] INFO  o.a.coyote.http11.Http11NioProtocol - Initializing ProtocolHandler ["http-nio-8080"]
2024-06-03 12:21:44 [main] INFO  o.a.catalina.core.StandardService - Starting service [Tomcat]
2024-06-03 12:21:44 [main] INFO  o.a.catalina.core.StandardEngine - Starting Servlet engine: [Apache Tomcat/10.1.24]
2024-06-03 12:21:44 [main] INFO  o.a.c.c.C.[Tomcat].[localhost].[/] - Initializing Spring embedded WebApplicationContext
2024-06-03 12:21:44 [main] INFO  o.s.b.w.s.c.ServletWebServerApplicationContext - Root WebApplicationContext: initialization completed in 1451 ms
2024-06-03 12:21:44 [main] INFO  o.s.s.web.DefaultSecurityFilterChain - Will secure any request with [org.springframework.security.web.session.DisableEncodeUrlFilter@76e90da5, org.springframework.security.web.context.request.async.WebAsyncManagerIntegrationFilter@4e3e11b9, org.springframework.security.web.context.SecurityContextHolderFilter@4ed15347, org.springframework.security.web.header.HeaderWriterFilter@712ac7e6, org.springframework.web.filter.CorsFilter@67cffead, org.springframework.security.web.csrf.CsrfFilter@49fb0bbd, org.springframework.security.web.authentication.logout.LogoutFilter@343fddd9, org.springframework.security.oauth2.client.web.OAuth2AuthorizationRequestRedirectFilter@9dada78, org.springframework.security.oauth2.client.web.OAuth2LoginAuthenticationFilter@57efc6fd, org.springframework.security.web.authentication.ui.DefaultLoginPageGeneratingFilter@662e682a, org.springframework.security.web.authentication.ui.DefaultLogoutPageGeneratingFilter@214beff9, org.springframework.security.web.savedrequest.RequestCacheAwareFilter@ab24484, org.springframework.security.web.servletapi.SecurityContextHolderAwareRequestFilter@106b014e, org.springframework.security.web.authentication.AnonymousAuthenticationFilter@1ff15a50, org.springframework.security.web.access.ExceptionTranslationFilter@4346808, org.springframework.security.web.access.intercept.AuthorizationFilter@1c33e528]
2024-06-03 12:21:45 [main] INFO  o.a.coyote.http11.Http11NioProtocol - Starting ProtocolHandler ["http-nio-8080"]
2024-06-03 12:21:45 [main] INFO  o.s.b.w.e.tomcat.TomcatWebServer - Tomcat started on port 8080 (http) with context path '/'
2024-06-03 12:21:45 [main] INFO  c.example.OAuth2.OAuth2Application - Started OAuth2Application in 2.852 seconds (process running for 3.603)
2024-06-03 12:21:54 [http-nio-8080-exec-1] INFO  o.a.c.c.C.[Tomcat].[localhost].[/] - Initializing Spring DispatcherServlet 'dispatcherServlet'
2024-06-03 12:21:54 [http-nio-8080-exec-1] INFO  o.s.web.servlet.DispatcherServlet - Initializing Servlet 'dispatcherServlet'
2024-06-03 12:21:54 [http-nio-8080-exec-1] INFO  o.s.web.servlet.DispatcherServlet - Completed initialization in 1 ms
2024-06-03 12:22:09 [main] INFO  c.example.OAuth2.OAuth2Application - Starting OAuth2Application using Java 22.0.1 with PID 26428 (C:\Users\maksim.pouzakov\Desktop\OAuth2\OAuth2\target\classes started by maksim.pouzakov in C:\Users\maksim.pouzakov\Desktop\OAuth2)
2024-06-03 12:22:09 [main] INFO  c.example.OAuth2.OAuth2Application - No active profile set, falling back to 1 default profile: "default"
2024-06-03 12:22:10 [main] INFO  o.s.b.w.e.tomcat.TomcatWebServer - Tomcat initialized with port 8080 (http)
2024-06-03 12:22:10 [main] INFO  o.a.coyote.http11.Http11NioProtocol - Initializing ProtocolHandler ["http-nio-8080"]
2024-06-03 12:22:10 [main] INFO  o.a.catalina.core.StandardService - Starting service [Tomcat]
2024-06-03 12:22:10 [main] INFO  o.a.catalina.core.StandardEngine - Starting Servlet engine: [Apache Tomcat/10.1.24]
2024-06-03 12:22:10 [main] INFO  o.a.c.c.C.[Tomcat].[localhost].[/] - Initializing Spring embedded WebApplicationContext
2024-06-03 12:22:10 [main] INFO  o.s.b.w.s.c.ServletWebServerApplicationContext - Root WebApplicationContext: initialization completed in 1351 ms
2024-06-03 12:22:11 [main] INFO  o.s.s.web.DefaultSecurityFilterChain - Will secure any request with [org.springframework.security.web.session.DisableEncodeUrlFilter@1200458e, org.springframework.security.web.context.request.async.WebAsyncManagerIntegrationFilter@5fcd1c5f, org.springframework.security.web.context.SecurityContextHolderFilter@662e682a, org.springframework.security.web.header.HeaderWriterFilter@7c369270, org.springframework.web.filter.CorsFilter@3cc30dee, org.springframework.security.web.csrf.CsrfFilter@161dd92a, org.springframework.security.web.authentication.logout.LogoutFilter@34be065a, org.springframework.security.oauth2.client.web.OAuth2AuthorizationRequestRedirectFilter@1ff15a50, org.springframework.security.oauth2.client.web.OAuth2LoginAuthenticationFilter@47148f3f, org.springframework.security.web.authentication.ui.DefaultLoginPageGeneratingFilter@60ed12e8, org.springframework.security.web.authentication.ui.DefaultLogoutPageGeneratingFilter@7d528cf7, org.springframework.security.web.savedrequest.RequestCacheAwareFilter@649f25f3, org.springframework.security.web.servletapi.SecurityContextHolderAwareRequestFilter@3b98b809, org.springframework.security.web.authentication.AnonymousAuthenticationFilter@6dee8ae6, org.springframework.security.web.access.ExceptionTranslationFilter@106b014e, org.springframework.security.web.access.intercept.AuthorizationFilter@f0a66bd]
2024-06-03 12:22:11 [main] INFO  o.a.coyote.http11.Http11NioProtocol - Starting ProtocolHandler ["http-nio-8080"]
2024-06-03 12:22:11 [main] INFO  o.s.b.w.e.tomcat.TomcatWebServer - Tomcat started on port 8080 (http) with context path '/'
2024-06-03 12:22:11 [main] INFO  c.example.OAuth2.OAuth2Application - Started OAuth2Application in 2.716 seconds (process running for 3.394)
2024-06-03 12:22:15 [http-nio-8080-exec-1] INFO  o.a.c.c.C.[Tomcat].[localhost].[/] - Initializing Spring DispatcherServlet 'dispatcherServlet'
2024-06-03 12:22:15 [http-nio-8080-exec-1] INFO  o.s.web.servlet.DispatcherServlet - Initializing Servlet 'dispatcherServlet'
2024-06-03 12:22:15 [http-nio-8080-exec-1] INFO  o.s.web.servlet.DispatcherServlet - Completed initialization in 1 ms
2024-06-03 12:26:05 [main] INFO  c.example.OAuth2.OAuth2Application - Starting OAuth2Application using Java 22.0.1 with PID 29856 (C:\Users\maksim.pouzakov\Desktop\OAuth2\OAuth2\target\classes started by maksim.pouzakov in C:\Users\maksim.pouzakov\Desktop\OAuth2)
2024-06-03 12:26:05 [main] INFO  c.example.OAuth2.OAuth2Application - No active profile set, falling back to 1 default profile: "default"
2024-06-03 12:26:06 [main] INFO  o.s.b.w.e.tomcat.TomcatWebServer - Tomcat initialized with port 8080 (http)
2024-06-03 12:26:06 [main] INFO  o.a.coyote.http11.Http11NioProtocol - Initializing ProtocolHandler ["http-nio-8080"]
2024-06-03 12:26:06 [main] INFO  o.a.catalina.core.StandardService - Starting service [Tomcat]
2024-06-03 12:26:06 [main] INFO  o.a.catalina.core.StandardEngine - Starting Servlet engine: [Apache Tomcat/10.1.24]
2024-06-03 12:26:06 [main] INFO  o.a.c.c.C.[Tomcat].[localhost].[/] - Initializing Spring embedded WebApplicationContext
2024-06-03 12:26:06 [main] INFO  o.s.b.w.s.c.ServletWebServerApplicationContext - Root WebApplicationContext: initialization completed in 1383 ms
2024-06-03 12:26:06 [main] INFO  o.s.s.web.DefaultSecurityFilterChain - Will secure any request with [org.springframework.security.web.session.DisableEncodeUrlFilter@47148f3f, org.springframework.security.web.context.request.async.WebAsyncManagerIntegrationFilter@52226e57, org.springframework.security.web.context.SecurityContextHolderFilter@9f86dc3, org.springframework.security.web.header.HeaderWriterFilter@106b014e, org.springframework.web.filter.CorsFilter@1200458e, org.springframework.security.web.csrf.CsrfFilter@77d4ac52, org.springframework.security.web.authentication.logout.LogoutFilter@250b5e5b, org.springframework.security.oauth2.client.web.OAuth2AuthorizationRequestRedirectFilter@67cffead, org.springframework.security.oauth2.client.web.OAuth2LoginAuthenticationFilter@217c23ce, org.springframework.security.web.authentication.ui.DefaultLoginPageGeneratingFilter@2fd72332, org.springframework.security.web.authentication.ui.DefaultLogoutPageGeneratingFilter@5fcd1c5f, org.springframework.security.web.savedrequest.RequestCacheAwareFilter@662e682a, org.springframework.security.web.servletapi.SecurityContextHolderAwareRequestFilter@649f25f3, org.springframework.security.web.authentication.AnonymousAuthenticationFilter@3cc30dee, org.springframework.security.web.access.ExceptionTranslationFilter@ab24484, org.springframework.security.web.access.intercept.AuthorizationFilter@6707a4bf]
2024-06-03 12:26:07 [main] INFO  o.a.coyote.http11.Http11NioProtocol - Starting ProtocolHandler ["http-nio-8080"]
2024-06-03 12:26:07 [main] INFO  o.s.b.w.e.tomcat.TomcatWebServer - Tomcat started on port 8080 (http) with context path '/'
2024-06-03 12:26:07 [main] INFO  c.example.OAuth2.OAuth2Application - Started OAuth2Application in 2.761 seconds (process running for 3.413)
2024-06-03 12:26:20 [http-nio-8080-exec-1] INFO  o.a.c.c.C.[Tomcat].[localhost].[/] - Initializing Spring DispatcherServlet 'dispatcherServlet'
2024-06-03 12:26:20 [http-nio-8080-exec-1] INFO  o.s.web.servlet.DispatcherServlet - Initializing Servlet 'dispatcherServlet'
2024-06-03 12:26:20 [http-nio-8080-exec-1] INFO  o.s.web.servlet.DispatcherServlet - Completed initialization in 2 ms
2024-06-03 12:29:15 [main] INFO  c.example.OAuth2.OAuth2Application - Starting OAuth2Application using Java 22.0.1 with PID 13436 (C:\Users\maksim.pouzakov\Desktop\OAuth2\OAuth2\target\classes started by maksim.pouzakov in C:\Users\maksim.pouzakov\Desktop\OAuth2)
2024-06-03 12:29:15 [main] INFO  c.example.OAuth2.OAuth2Application - No active profile set, falling back to 1 default profile: "default"
2024-06-03 12:29:16 [main] INFO  o.s.b.w.e.tomcat.TomcatWebServer - Tomcat initialized with port 8080 (http)
2024-06-03 12:29:16 [main] INFO  o.a.coyote.http11.Http11NioProtocol - Initializing ProtocolHandler ["http-nio-8080"]
2024-06-03 12:29:16 [main] INFO  o.a.catalina.core.StandardService - Starting service [Tomcat]
2024-06-03 12:29:16 [main] INFO  o.a.catalina.core.StandardEngine - Starting Servlet engine: [Apache Tomcat/10.1.24]
2024-06-03 12:29:16 [main] INFO  o.a.c.c.C.[Tomcat].[localhost].[/] - Initializing Spring embedded WebApplicationContext
2024-06-03 12:29:16 [main] INFO  o.s.b.w.s.c.ServletWebServerApplicationContext - Root WebApplicationContext: initialization completed in 1436 ms
2024-06-03 12:29:17 [main] INFO  o.s.s.web.DefaultSecurityFilterChain - Will secure any request with [org.springframework.security.web.session.DisableEncodeUrlFilter@3635099, org.springframework.security.web.context.request.async.WebAsyncManagerIntegrationFilter@1da1380b, org.springframework.security.web.context.SecurityContextHolderFilter@53940e2f, org.springframework.security.web.header.HeaderWriterFilter@746c411c, org.springframework.web.filter.CorsFilter@1095d23a, org.springframework.security.web.csrf.CsrfFilter@6a6c7f42, org.springframework.security.web.authentication.logout.LogoutFilter@36776c32, org.springframework.security.web.authentication.UsernamePasswordAuthenticationFilter@4a50d04a, org.springframework.security.web.authentication.ui.DefaultLoginPageGeneratingFilter@14422d9d, org.springframework.security.web.authentication.ui.DefaultLogoutPageGeneratingFilter@3332c7a5, org.springframework.security.web.authentication.www.BasicAuthenticationFilter@4d7a64ca, org.springframework.security.web.savedrequest.RequestCacheAwareFilter@61db86bf, org.springframework.security.web.servletapi.SecurityContextHolderAwareRequestFilter@3e377967, org.springframework.security.web.authentication.AnonymousAuthenticationFilter@2accaec2, org.springframework.security.web.access.ExceptionTranslationFilter@32d418a9, org.springframework.security.web.access.intercept.AuthorizationFilter@5eb5da12]
2024-06-03 12:29:17 [main] INFO  o.a.coyote.http11.Http11NioProtocol - Starting ProtocolHandler ["http-nio-8080"]
2024-06-03 12:29:17 [main] INFO  o.s.b.w.e.tomcat.TomcatWebServer - Tomcat started on port 8080 (http) with context path '/'
2024-06-03 12:29:17 [main] INFO  c.example.OAuth2.OAuth2Application - Started OAuth2Application in 2.816 seconds (process running for 3.542)
2024-06-03 12:29:27 [http-nio-8080-exec-1] INFO  o.a.c.c.C.[Tomcat].[localhost].[/] - Initializing Spring DispatcherServlet 'dispatcherServlet'
2024-06-03 12:29:27 [http-nio-8080-exec-1] INFO  o.s.web.servlet.DispatcherServlet - Initializing Servlet 'dispatcherServlet'
2024-06-03 12:29:27 [http-nio-8080-exec-1] INFO  o.s.web.servlet.DispatcherServlet - Completed initialization in 1 ms
2024-06-03 12:33:34 [main] INFO  c.example.OAuth2.OAuth2Application - Starting OAuth2Application using Java 22.0.1 with PID 11808 (C:\Users\maksim.pouzakov\Desktop\OAuth2\OAuth2\target\classes started by maksim.pouzakov in C:\Users\maksim.pouzakov\Desktop\OAuth2)
2024-06-03 12:33:34 [main] INFO  c.example.OAuth2.OAuth2Application - No active profile set, falling back to 1 default profile: "default"
2024-06-03 12:33:35 [main] INFO  o.s.b.w.e.tomcat.TomcatWebServer - Tomcat initialized with port 8080 (http)
2024-06-03 12:33:35 [main] INFO  o.a.coyote.http11.Http11NioProtocol - Initializing ProtocolHandler ["http-nio-8080"]
2024-06-03 12:33:35 [main] INFO  o.a.catalina.core.StandardService - Starting service [Tomcat]
2024-06-03 12:33:35 [main] INFO  o.a.catalina.core.StandardEngine - Starting Servlet engine: [Apache Tomcat/10.1.24]
2024-06-03 12:33:35 [main] INFO  o.a.c.c.C.[Tomcat].[localhost].[/] - Initializing Spring embedded WebApplicationContext
2024-06-03 12:33:35 [main] INFO  o.s.b.w.s.c.ServletWebServerApplicationContext - Root WebApplicationContext: initialization completed in 1471 ms
2024-06-03 12:33:36 [main] INFO  o.s.s.web.DefaultSecurityFilterChain - Will secure any request with [org.springframework.security.web.session.DisableEncodeUrlFilter@5af64ce0, org.springframework.security.web.context.request.async.WebAsyncManagerIntegrationFilter@7e7e962d, org.springframework.security.web.context.SecurityContextHolderFilter@bf75b5c, org.springframework.security.web.header.HeaderWriterFilter@649f25f3, org.springframework.web.filter.CorsFilter@17229821, org.springframework.security.web.csrf.CsrfFilter@1624775, org.springframework.security.web.authentication.logout.LogoutFilter@1c33e528, org.springframework.security.oauth2.client.web.OAuth2AuthorizationRequestRedirectFilter@1200458e, org.springframework.security.oauth2.client.web.OAuth2LoginAuthenticationFilter@7d528cf7, org.springframework.security.web.authentication.ui.DefaultLoginPageGeneratingFilter@5503de1, org.springframework.security.web.authentication.ui.DefaultLogoutPageGeneratingFilter@e829999, org.springframework.security.web.savedrequest.RequestCacheAwareFilter@2fd72332, org.springframework.security.web.servletapi.SecurityContextHolderAwareRequestFilter@60ed12e8, org.springframework.security.web.authentication.AnonymousAuthenticationFilter@66fb45e5, org.springframework.security.web.access.ExceptionTranslationFilter@662e682a, org.springframework.security.web.access.intercept.AuthorizationFilter@5dfe23e8]
2024-06-03 12:33:36 [main] INFO  o.a.coyote.http11.Http11NioProtocol - Starting ProtocolHandler ["http-nio-8080"]
2024-06-03 12:33:36 [main] INFO  o.s.b.w.e.tomcat.TomcatWebServer - Tomcat started on port 8080 (http) with context path '/'
2024-06-03 12:33:36 [main] INFO  c.example.OAuth2.OAuth2Application - Started OAuth2Application in 2.902 seconds (process running for 3.657)
2024-06-03 12:33:40 [http-nio-8080-exec-1] INFO  o.a.c.c.C.[Tomcat].[localhost].[/] - Initializing Spring DispatcherServlet 'dispatcherServlet'
2024-06-03 12:33:40 [http-nio-8080-exec-1] INFO  o.s.web.servlet.DispatcherServlet - Initializing Servlet 'dispatcherServlet'
2024-06-03 12:33:40 [http-nio-8080-exec-1] INFO  o.s.web.servlet.DispatcherServlet - Completed initialization in 1 ms
